Expression	Value	Location	Type	
Var_64	Error (col 1): Unknown or ambiguous symbol. Var_64			
ADC_Data	<array>	0x2000000C	short[1024]	
[0]	1645	0x2000000C	short	
[1]	2779	0x2000000E	short	
[2]	1255	0x20000010	short	
[3]	562	0x20000012	short	
[4]	2142	0x20000014	short	
[5]	1074	0x20000016	short	
[6]	2390	0x20000018	short	
[7]	1228	0x2000001A	short	
[8]	575	0x2000001C	short	
[9]	178	0x2000001E	short	
[10]	2310	0x20000020	short	
[11]	3169	0x20000022	short	
[12]	3688	0x20000024	short	
[13]	3836	0x20000026	short	
[14]	3922	0x20000028	short	
[15]	3992	0x2000002A	short	
[16]	1822	0x2000002C	short	
[17]	869	0x2000002E	short	
[18]	2291	0x20000030	short	
[19]	1181	0x20000032	short	
[20]	572	0x20000034	short	
[21]	2373	0x20000036	short	
[22]	3300	0x20000038	short	
[23]	3687	0x2000003A	short	
[24]	3803	0x2000003C	short	
[25]	1845	0x2000003E	short	
[26]	2760	0x20000040	short	
[27]	1400	0x20000042	short	
[28]	2885	0x20000044	short	
[29]	3469	0x20000046	short	
[30]	3799	0x20000048	short	
[31]	3885	0x2000004A	short	
[32]	3986	0x2000004C	short	
[33]	1892	0x2000004E	short	
[34]	1041	0x20000050	short	
[35]	2557	0x20000052	short	
[36]	3389	0x20000054	short	
[37]	3729	0x20000056	short	
[38]	3845	0x20000058	short	
[39]	1858	0x2000005A	short	
[40]	3100	0x2000005C	short	
[41]	3582	0x2000005E	short	
[42]	3725	0x20000060	short	
[43]	1826	0x20000062	short	
[44]	3081	0x20000064	short	
[45]	3574	0x20000066	short	
[46]	3828	0x20000068	short	
[47]	3954	0x2000006A	short	
[48]	2066	0x2000006C	short	
[49]	3051	0x2000006E	short	
[50]	3449	0x20000070	short	
[51]	1670	0x20000072	short	
[52]	800	0x20000074	short	
[53]	391	0x20000076	short	
[54]	138	0x20000078	short	
[55]	2156	0x2000007A	short	
[56]	3203	0x2000007C	short	
[57]	3637	0x2000007E	short	
[58]	3843	0x20000080	short	
[59]	3917	0x20000082	short	
[60]	3961	0x20000084	short	
[61]	3992	0x20000086	short	
[62]	1832	0x20000088	short	
[63]	952	0x2000008A	short	
[64]	426	0x2000008C	short	
[65]	101	0x2000008E	short	
[66]	1916	0x20000090	short	
[67]	949	0x20000092	short	
[68]	2683	0x20000094	short	
[69]	3370	0x20000096	short	
[70]	1494	0x20000098	short	
[71]	693	0x2000009A	short	
[72]	2559	0x2000009C	short	
[73]	3294	0x2000009E	short	
[74]	1721	0x200000A0	short	
[75]	2874	0x200000A2	short	
[76]	3360	0x200000A4	short	
[77]	1628	0x200000A6	short	
[78]	784	0x200000A8	short	
[79]	289	0x200000AA	short	
[80]	2362	0x200000AC	short	
[81]	3194	0x200000AE	short	
[82]	3523	0x200000B0	short	
[83]	1724	0x200000B2	short	
[84]	3036	0x200000B4	short	
[85]	3567	0x200000B6	short	
[86]	1847	0x200000B8	short	
[87]	2935	0x200000BA	short	
[88]	3580	0x200000BC	short	
[89]	3841	0x200000BE	short	
[90]	1715	0x200000C0	short	
[91]	809	0x200000C2	short	
[92]	2263	0x200000C4	short	
[93]	1166	0x200000C6	short	
[94]	564	0x200000C8	short	
[95]	2369	0x200000CA	short	
[96]	2998	0x200000CC	short	
[97]	1504	0x200000CE	short	
[98]	721	0x200000D0	short	
[99]	252	0x200000D2	short	
[100]	1990	0x200000D4	short	
[101]	990	0x200000D6	short	
[102]	2350	0x200000D8	short	
[103]	1207	0x200000DA	short	
[104]	566	0x200000DC	short	
[105]	271	0x200000DE	short	
[106]	89	0x200000E0	short	
[107]	0	0x200000E2	short	
[108]	1832	0x200000E4	short	
[109]	904	0x200000E6	short	
[110]	2662	0x200000E8	short	
[111]	3346	0x200000EA	short	
[112]	3759	0x200000EC	short	
[113]	3922	0x200000EE	short	
[114]	1760	0x200000F0	short	
[115]	915	0x200000F2	short	
[116]	423	0x200000F4	short	
[117]	2224	0x200000F6	short	
[118]	1202	0x200000F8	short	
[119]	2560	0x200000FA	short	
[120]	1159	0x200000FC	short	
[121]	599	0x200000FE	short	
[122]	257	0x20000100	short	
[123]	2137	0x20000102	short	
[124]	1158	0x20000104	short	
[125]	2538	0x20000106	short	
[126]	1366	0x20000108	short	
[127]	2705	0x2000010A	short	
[128]	0	0x2000010C	short	
[129]	1597	0x2000010E	short	
[130]	2978	0x20000110	short	
[131]	3534	0x20000112	short	
[132]	1567	0x20000114	short	
[133]	822	0x20000116	short	
[134]	357	0x20000118	short	
[135]	64	0x2000011A	short	
[136]	1898	0x2000011C	short	
[137]	1009	0x2000011E	short	
[138]	476	0x20000120	short	
[139]	2320	0x20000122	short	
[140]	3277	0x20000124	short	
[141]	3674	0x20000126	short	
[142]	3854	0x20000128	short	
[143]	3926	0x2000012A	short	
[144]	3962	0x2000012C	short	
[145]	3961	0x2000012E	short	
[146]	3961	0x20000130	short	
[147]	3962	0x20000132	short	
[148]	3993	0x20000134	short	
[149]	1956	0x20000136	short	
[150]	2820	0x20000138	short	
[151]	1428	0x2000013A	short	
[152]	681	0x2000013C	short	
[153]	328	0x2000013E	short	
[154]	94	0x20000140	short	
[155]	2068	0x20000142	short	
[156]	937	0x20000144	short	
[157]	387	0x20000146	short	
[158]	2056	0x20000148	short	
[159]	1027	0x2000014A	short	
[160]	2370	0x2000014C	short	
[161]	1194	0x2000014E	short	
[162]	2790	0x20000150	short	
[163]	3416	0x20000152	short	
[164]	3634	0x20000154	short	
[165]	1779	0x20000156	short	
[166]	3063	0x20000158	short	
[167]	3581	0x2000015A	short	
[168]	1588	0x2000015C	short	
[169]	741	0x2000015E	short	
[170]	2231	0x20000160	short	
[171]	1121	0x20000162	short	
[172]	2413	0x20000164	short	
[173]	1218	0x20000166	short	
[174]	2804	0x20000168	short	
[175]	3442	0x2000016A	short	
[176]	1785	0x2000016C	short	
[177]	2852	0x2000016E	short	
[178]	1523	0x20000170	short	
[179]	2716	0x20000172	short	
[180]	1229	0x20000174	short	
[181]	639	0x20000176	short	
[182]	277	0x20000178	short	
[183]	2227	0x2000017A	short	
[184]	3234	0x2000017C	short	
[185]	3669	0x2000017E	short	
[186]	1630	0x20000180	short	
[187]	762	0x20000182	short	
[188]	2242	0x20000184	short	
[189]	1156	0x20000186	short	
[190]	559	0x20000188	short	
[191]	2365	0x2000018A	short	
[192]	3299	0x2000018C	short	
[193]	3703	0x2000018E	short	
[194]	1645	0x20000190	short	
[195]	770	0x20000192	short	
[196]	2246	0x20000194	short	
[197]	1129	0x20000196	short	
[198]	2764	0x20000198	short	
[199]	3420	0x2000019A	short	
[200]	1773	0x2000019C	short	
[201]	2846	0x2000019E	short	
[202]	1286	0x200001A0	short	
[203]	669	0x200001A2	short	
[204]	285	0x200001A4	short	
[205]	31	0x200001A6	short	
[206]	2235	0x200001A8	short	
[207]	3130	0x200001AA	short	
[208]	3491	0x200001AC	short	
[209]	1692	0x200001AE	short	
[210]	890	0x200001B0	short	
[211]	2432	0x200001B2	short	
[212]	1101	0x200001B4	short	
[213]	568	0x200001B6	short	
[214]	241	0x200001B8	short	
[215]	2203	0x200001BA	short	
[216]	2908	0x200001BC	short	
[217]	1466	0x200001BE	short	
[218]	719	0x200001C0	short	
[219]	2448	0x200001C2	short	
[220]	3338	0x200001C4	short	
[221]	3724	0x200001C6	short	
[222]	1655	0x200001C8	short	
[223]	776	0x200001CA	short	
[224]	2600	0x200001CC	short	
[225]	3321	0x200001CE	short	
[226]	1477	0x200001D0	short	
[227]	774	0x200001D2	short	
[228]	345	0x200001D4	short	
[229]	2182	0x200001D6	short	
[230]	1181	0x200001D8	short	
[231]	2617	0x200001DA	short	
[232]	3168	0x200001DC	short	
[233]	1566	0x200001DE	short	
[234]	751	0x200001E0	short	
[235]	363	0x200001E2	short	
[236]	119	0x200001E4	short	
[237]	2150	0x200001E6	short	
[238]	3198	0x200001E8	short	
[239]	3651	0x200001EA	short	
[240]	1890	0x200001EC	short	
[241]	2955	0x200001EE	short	
[242]	3589	0x200001F0	short	
[243]	3846	0x200001F2	short	
[244]	1715	0x200001F4	short	
[245]	811	0x200001F6	short	
[246]	2264	0x200001F8	short	
[247]	1167	0x200001FA	short	
[248]	544	0x200001FC	short	
[249]	161	0x200001FE	short	
[250]	1947	0x20000200	short	
[251]	1032	0x20000202	short	
[252]	466	0x20000204	short	
[253]	122	0x20000206	short	
[254]	2280	0x20000208	short	
[255]	3155	0x2000020A	short	
[256]	3683	0x2000020C	short	
[257]	3887	0x2000020E	short	
[258]	1736	0x20000210	short	
[259]	822	0x20000212	short	
[260]	2270	0x20000214	short	
[261]	1144	0x20000216	short	
[262]	2423	0x20000218	short	
[263]	1224	0x2000021A	short	
[264]	2460	0x2000021C	short	
[265]	1246	0x2000021E	short	
[266]	2469	0x20000220	short	
[267]	1265	0x20000222	short	
[268]	616	0x20000224	short	
[269]	2321	0x20000226	short	
[270]	1255	0x20000228	short	
[271]	2653	0x2000022A	short	
[272]	3435	0x2000022C	short	
[273]	3775	0x2000022E	short	
[274]	1680	0x20000230	short	
[275]	790	0x20000232	short	
[276]	2607	0x20000234	short	
[277]	3324	0x20000236	short	
[278]	1477	0x20000238	short	
[279]	775	0x2000023A	short	
[280]	333	0x2000023C	short	
[281]	145	0x2000023E	short	
[282]	0	0x20000240	short	
[283]	2096	0x20000242	short	
[284]	2852	0x20000244	short	
[285]	1440	0x20000246	short	
[286]	707	0x20000248	short	
[287]	2369	0x2000024A	short	
[288]	1072	0x2000024C	short	
[289]	461	0x2000024E	short	
[290]	2448	0x20000250	short	
[291]	3239	0x20000252	short	
[292]	3719	0x20000254	short	
[293]	3848	0x20000256	short	
[294]	3930	0x20000258	short	
[295]	3992	0x2000025A	short	
[296]	2108	0x2000025C	short	
[297]	3073	0x2000025E	short	
[298]	3646	0x20000260	short	
[299]	3869	0x20000262	short	
[300]	2003	0x20000264	short	
[301]	3013	0x20000266	short	
[302]	3435	0x20000268	short	
[303]	1676	0x2000026A	short	
[304]	2682	0x2000026C	short	
[305]	1358	0x2000026E	short	
[306]	2867	0x20000270	short	
[307]	3491	0x20000272	short	
[308]	1801	0x20000274	short	
[309]	2860	0x20000276	short	
[310]	1528	0x20000278	short	
[311]	2780	0x2000027A	short	
[312]	3503	0x2000027C	short	
[313]	3805	0x2000027E	short	
[314]	1968	0x20000280	short	
[315]	2996	0x20000282	short	
[316]	3609	0x20000284	short	
[317]	3811	0x20000286	short	
[318]	3906	0x20000288	short	
[319]	3993	0x2000028A	short	
[320]	2093	0x2000028C	short	
[321]	3037	0x2000028E	short	
[322]	1362	0x20000290	short	
[323]	710	0x20000292	short	
[324]	313	0x20000294	short	
[325]	2165	0x20000296	short	
[326]	982	0x20000298	short	
[327]	504	0x2000029A	short	
[328]	206	0x2000029C	short	
[329]	2113	0x2000029E	short	
[330]	956	0x200002A0	short	
[331]	398	0x200002A2	short	
[332]	2062	0x200002A4	short	
[333]	1066	0x200002A6	short	
[334]	515	0x200002A8	short	
[335]	2342	0x200002AA	short	
[336]	2983	0x200002AC	short	
[337]	1505	0x200002AE	short	
[338]	2594	0x200002B0	short	
[339]	1325	0x200002B2	short	
[340]	627	0x200002B4	short	
[341]	205	0x200002B6	short	
[342]	1967	0x200002B8	short	
[343]	977	0x200002BA	short	
[344]	2344	0x200002BC	short	
[345]	1205	0x200002BE	short	
[346]	566	0x200002C0	short	
[347]	270	0x200002C2	short	
[348]	48	0x200002C4	short	
[349]	2128	0x200002C6	short	
[350]	2865	0x200002C8	short	
[351]	1450	0x200002CA	short	
[352]	2909	0x200002CC	short	
[353]	3481	0x200002CE	short	
[354]	3667	0x200002D0	short	
[355]	1775	0x200002D2	short	
[356]	965	0x200002D4	short	
[357]	2455	0x200002D6	short	
[358]	1326	0x200002D8	short	
[359]	2686	0x200002DA	short	
[360]	3453	0x200002DC	short	
[361]	3782	0x200002DE	short	
[362]	1682	0x200002E0	short	
[363]	875	0x200002E2	short	
[364]	386	0x200002E4	short	
[365]	176	0x200002E6	short	
[366]	43	0x200002E8	short	
[367]	23	0x200002EA	short	
[368]	19	0x200002EC	short	
[369]	0	0x200002EE	short	
[370]	1800	0x200002F0	short	
[371]	961	0x200002F2	short	
[372]	448	0x200002F4	short	
[373]	2232	0x200002F6	short	
[374]	1014	0x200002F8	short	
[375]	429	0x200002FA	short	
[376]	2077	0x200002FC	short	
[377]	1039	0x200002FE	short	
[378]	2723	0x20000300	short	
[379]	3396	0x20000302	short	
[380]	1505	0x20000304	short	
[381]	790	0x20000306	short	
[382]	341	0x20000308	short	
[383]	57	0x2000030A	short	
[384]	0	0x2000030C	short	
[385]	938	0x2000030E	short	
[386]	2328	0x20000310	short	
[387]	1173	0x20000312	short	
[388]	2782	0x20000314	short	
[389]	3410	0x20000316	short	
[390]	3782	0x20000318	short	
[391]	3931	0x2000031A	short	
[392]	1768	0x2000031C	short	
[393]	918	0x2000031E	short	
[394]	408	0x20000320	short	
[395]	91	0x20000322	short	
[396]	2267	0x20000324	short	
[397]	3127	0x20000326	short	
[398]	1396	0x20000328	short	
[399]	731	0x2000032A	short	
[400]	310	0x2000032C	short	
[401]	44	0x2000032E	short	
[402]	1890	0x20000330	short	
[403]	933	0x20000332	short	
[404]	2675	0x20000334	short	
[405]	3366	0x20000336	short	
[406]	1751	0x20000338	short	
[407]	2891	0x2000033A	short	
[408]	3556	0x2000033C	short	
[409]	3830	0x2000033E	short	
[410]	1983	0x20000340	short	
[411]	3001	0x20000342	short	
[412]	3614	0x20000344	short	
[413]	3857	0x20000346	short	
[414]	1997	0x20000348	short	
[415]	3009	0x2000034A	short	
[416]	3616	0x2000034C	short	
[417]	3858	0x2000034E	short	
[418]	1722	0x20000350	short	
[419]	814	0x20000352	short	
[420]	2617	0x20000354	short	
[421]	3329	0x20000356	short	
[422]	1480	0x20000358	short	
[423]	683	0x2000035A	short	
[424]	2201	0x2000035C	short	
[425]	1137	0x2000035E	short	
[426]	550	0x20000360	short	
[427]	2359	0x20000362	short	
[428]	2992	0x20000364	short	
[429]	1509	0x20000366	short	
[430]	2937	0x20000368	short	
[431]	3495	0x2000036A	short	
[432]	3675	0x2000036C	short	
[433]	1799	0x2000036E	short	
[434]	2740	0x20000370	short	
[435]	1389	0x20000372	short	
[436]	2879	0x20000374	short	
[437]	3464	0x20000376	short	
[438]	3798	0x20000378	short	
[439]	3885	0x2000037A	short	
[440]	3952	0x2000037C	short	
[441]	3992	0x2000037E	short	
[442]	2115	0x20000380	short	
[443]	3075	0x20000382	short	
[444]	3642	0x20000384	short	
[445]	3823	0x20000386	short	
[446]	3913	0x20000388	short	
[447]	3962	0x2000038A	short	
[448]	3993	0x2000038C	short	
[449]	1941	0x2000038E	short	
[450]	2813	0x20000390	short	
[451]	1424	0x20000392	short	
[452]	698	0x20000394	short	
[453]	2436	0x20000396	short	
[454]	3332	0x20000398	short	
[455]	3721	0x2000039A	short	
[456]	1654	0x2000039C	short	
[457]	775	0x2000039E	short	
[458]	2600	0x200003A0	short	
[459]	3317	0x200003A2	short	
[460]	1731	0x200003A4	short	
[461]	2823	0x200003A6	short	
[462]	1509	0x200003A8	short	
[463]	2712	0x200003AA	short	
[464]	1454	0x200003AC	short	
[465]	2746	0x200003AE	short	
[466]	3484	0x200003B0	short	
[467]	3796	0x200003B2	short	
[468]	1981	0x200003B4	short	
[469]	2943	0x200003B6	short	
[470]	1570	0x200003B8	short	
[471]	2740	0x200003BA	short	
[472]	1469	0x200003BC	short	
[473]	2689	0x200003BE	short	
[474]	1445	0x200003C0	short	
[475]	2741	0x200003C2	short	
[476]	3278	0x200003C4	short	
[477]	1598	0x200003C6	short	
[478]	787	0x200003C8	short	
[479]	2480	0x200003CA	short	
[480]	3353	0x200003CC	short	
[481]	3732	0x200003CE	short	
[482]	1661	0x200003D0	short	
[483]	864	0x200003D2	short	
[484]	380	0x200003D4	short	
[485]	172	0x200003D6	short	
[486]	43	0x200003D8	short	
[487]	23	0x200003DA	short	
[488]	0	0x200003DC	short	
[489]	2056	0x200003DE	short	
[490]	2831	0x200003E0	short	
[491]	1431	0x200003E2	short	
[492]	702	0x200003E4	short	
[493]	2364	0x200003E6	short	
[494]	1277	0x200003E8	short	
[495]	2664	0x200003EA	short	
[496]	3442	0x200003EC	short	
[497]	3750	0x200003EE	short	
[498]	3878	0x200003F0	short	
[499]	3946	0x200003F2	short	
[500]	3993	0x200003F4	short	
[501]	1910	0x200003F6	short	
[502]	909	0x200003F8	short	
[503]	358	0x200003FA	short	
[504]	2398	0x200003FC	short	
[505]	3213	0x200003FE	short	
[506]	3709	0x20000400	short	
[507]	3843	0x20000402	short	
[508]	3958	0x20000404	short	
[509]	1899	0x20000406	short	
[510]	3121	0x20000408	short	
[511]	3593	0x2000040A	short	
[512]	3730	0x2000040C	short	
[513]	1802	0x2000040E	short	
[514]	857	0x20000410	short	
[515]	424	0x20000412	short	
[516]	159	0x20000414	short	
[517]	2093	0x20000416	short	
[518]	1134	0x20000418	short	
[519]	2527	0x2000041A	short	
[520]	1361	0x2000041C	short	
[521]	2636	0x2000041E	short	
[522]	1415	0x20000420	short	
[523]	2729	0x20000422	short	
[524]	3269	0x20000424	short	
[525]	1591	0x20000426	short	
[526]	767	0x20000428	short	
[527]	277	0x2000042A	short	
[528]	2356	0x2000042C	short	
[529]	3176	0x2000042E	short	
[530]	1409	0x20000430	short	
[531]	742	0x20000432	short	
[532]	330	0x20000434	short	
[533]	2174	0x20000436	short	
[534]	1176	0x20000438	short	
[535]	2547	0x2000043A	short	
[536]	1379	0x2000043C	short	
[537]	2642	0x2000043E	short	
[538]	1197	0x20000440	short	
[539]	619	0x20000442	short	
[540]	268	0x20000444	short	
[541]	2142	0x20000446	short	
[542]	972	0x20000448	short	
[543]	407	0x2000044A	short	
[544]	2065	0x2000044C	short	
[545]	1033	0x2000044E	short	
[546]	2370	0x20000450	short	
[547]	1197	0x20000452	short	
[548]	2445	0x20000454	short	
[549]	1237	0x20000456	short	
[550]	2467	0x20000458	short	
[551]	1248	0x2000045A	short	
[552]	2815	0x2000045C	short	
[553]	3450	0x2000045E	short	
[554]	1787	0x20000460	short	
[555]	2908	0x20000462	short	
[556]	3565	0x20000464	short	
[557]	3795	0x20000466	short	
[558]	3920	0x20000468	short	
[559]	1858	0x2000046A	short	
[560]	1021	0x2000046C	short	
[561]	2476	0x2000046E	short	
[562]	1335	0x20000470	short	
[563]	2625	0x20000472	short	
[564]	1186	0x20000474	short	
[565]	616	0x20000476	short	
[566]	265	0x20000478	short	
[567]	2142	0x2000047A	short	
[568]	969	0x2000047C	short	
[569]	406	0x2000047E	short	
[570]	2421	0x20000480	short	
[571]	3224	0x20000482	short	
[572]	3538	0x20000484	short	
[573]	1730	0x20000486	short	
[574]	2707	0x20000488	short	
[575]	1371	0x2000048A	short	
[576]	2873	0x2000048C	short	
[577]	3461	0x2000048E	short	
[578]	3657	0x20000490	short	
[579]	1771	0x20000492	short	
[580]	962	0x20000494	short	
[581]	2453	0x20000496	short	
[582]	1321	0x20000498	short	
[583]	2687	0x2000049A	short	
[584]	3231	0x2000049C	short	
[585]	1581	0x2000049E	short	
[586]	759	0x200004A0	short	
[587]	368	0x200004A2	short	
[588]	140	0x200004A4	short	
[589]	36	0x200004A6	short	
[590]	0	0x200004A8	short	
[591]	1996	0x200004AA	short	
[592]	1079	0x200004AC	short	
[593]	2574	0x200004AE	short	
[594]	3126	0x200004B0	short	
[595]	1564	0x200004B2	short	
[596]	2961	0x200004B4	short	
[597]	3526	0x200004B6	short	
[598]	1563	0x200004B8	short	
[599]	729	0x200004BA	short	
[600]	2578	0x200004BC	short	
[601]	3303	0x200004BE	short	
[602]	3579	0x200004C0	short	
[603]	1732	0x200004C2	short	
[604]	934	0x200004C4	short	
[605]	2444	0x200004C6	short	
[606]	1106	0x200004C8	short	
[607]	571	0x200004CA	short	
[608]	239	0x200004CC	short	
[609]	13	0x200004CE	short	
[610]	1868	0x200004D0	short	
[611]	995	0x200004D2	short	
[612]	466	0x200004D4	short	
[613]	2315	0x200004D6	short	
[614]	2968	0x200004D8	short	
[615]	1492	0x200004DA	short	
[616]	734	0x200004DC	short	
[617]	2453	0x200004DE	short	
[618]	3341	0x200004E0	short	
[619]	3706	0x200004E2	short	
[620]	3823	0x200004E4	short	
[621]	1829	0x200004E6	short	
[622]	1003	0x200004E8	short	
[623]	2468	0x200004EA	short	
[624]	1119	0x200004EC	short	
[625]	486	0x200004EE	short	
[626]	2460	0x200004F0	short	
[627]	3236	0x200004F2	short	
[628]	1696	0x200004F4	short	
[629]	2804	0x200004F6	short	
[630]	1500	0x200004F8	short	
[631]	2705	0x200004FA	short	
[632]	1451	0x200004FC	short	
[633]	2680	0x200004FE	short	
[634]	1441	0x20000500	short	
[635]	2675	0x20000502	short	
[636]	1438	0x20000504	short	
[637]	2674	0x20000506	short	
[638]	1438	0x20000508	short	
[639]	2737	0x2000050A	short	
[640]	0	0x2000050C	short	
[641]	3765	0x2000050E	short	
[642]	3883	0x20000510	short	
[643]	3948	0x20000512	short	
[644]	3962	0x20000514	short	
[645]	3992	0x20000516	short	
[646]	2125	0x20000518	short	
[647]	3080	0x2000051A	short	
[648]	3648	0x2000051C	short	
[649]	3823	0x2000051E	short	
[650]	3943	0x20000520	short	
[651]	1891	0x20000522	short	
[652]	2788	0x20000524	short	
[653]	1413	0x20000526	short	
[654]	2549	0x20000528	short	
[655]	1302	0x2000052A	short	
[656]	614	0x2000052C	short	
[657]	198	0x2000052E	short	
[658]	1964	0x20000530	short	
[659]	1041	0x20000532	short	
[660]	471	0x20000534	short	
[661]	222	0x20000536	short	
[662]	17	0x20000538	short	
[663]	2042	0x2000053A	short	
[664]	1104	0x2000053C	short	
[665]	2515	0x2000053E	short	
[666]	1138	0x20000540	short	
[667]	589	0x20000542	short	
[668]	247	0x20000544	short	
[669]	17	0x20000546	short	
[670]	1870	0x20000548	short	
[671]	995	0x2000054A	short	
[672]	467	0x2000054C	short	
[673]	2316	0x2000054E	short	
[674]	3276	0x20000550	short	
[675]	3691	0x20000552	short	
[676]	1911	0x20000554	short	
[677]	2967	0x20000556	short	
[678]	3595	0x20000558	short	
[679]	3806	0x2000055A	short	
[680]	3903	0x2000055C	short	
[681]	3992	0x2000055E	short	
[682]	1816	0x20000560	short	
[683]	943	0x20000562	short	
[684]	419	0x20000564	short	
[685]	196	0x20000566	short	
[686]	3	0x20000568	short	
[687]	2037	0x2000056A	short	
[688]	1101	0x2000056C	short	
[689]	2514	0x2000056E	short	
[690]	1138	0x20000570	short	
[691]	587	0x20000572	short	
[692]	244	0x20000574	short	
[693]	90	0x20000576	short	
[694]	27	0x20000578	short	
[695]	21	0x2000057A	short	
[696]	0	0x2000057C	short	
[697]	2052	0x2000057E	short	
[698]	3154	0x20000580	short	
[699]	3611	0x20000582	short	
[700]	3836	0x20000584	short	
[701]	3960	0x20000586	short	
[702]	2072	0x20000588	short	
[703]	3054	0x2000058A	short	
[704]	3450	0x2000058C	short	
[705]	1670	0x2000058E	short	
[706]	801	0x20000590	short	
[707]	390	0x20000592	short	
[708]	151	0x20000594	short	
[709]	0	0x20000596	short	
[710]	2201	0x20000598	short	
[711]	3115	0x2000059A	short	
[712]	3663	0x2000059C	short	
[713]	3828	0x2000059E	short	
[714]	3947	0x200005A0	short	
[715]	1869	0x200005A2	short	
[716]	1028	0x200005A4	short	
[717]	2480	0x200005A6	short	
[718]	1126	0x200005A8	short	
[719]	581	0x200005AA	short	
[720]	244	0x200005AC	short	
[721]	14	0x200005AE	short	
[722]	2226	0x200005B0	short	
[723]	3101	0x200005B2	short	
[724]	1634	0x200005B4	short	
[725]	2833	0x200005B6	short	
[726]	3333	0x200005B8	short	
[727]	1617	0x200005BA	short	
[728]	778	0x200005BC	short	
[729]	283	0x200005BE	short	
[730]	2005	0x200005C0	short	
[731]	998	0x200005C2	short	
[732]	2356	0x200005C4	short	
[733]	1188	0x200005C6	short	
[734]	2789	0x200005C8	short	
[735]	3435	0x200005CA	short	
[736]	1520	0x200005CC	short	
[737]	706	0x200005CE	short	
[738]	2212	0x200005D0	short	
[739]	1143	0x200005D2	short	
[740]	533	0x200005D4	short	
[741]	254	0x200005D6	short	
[742]	79	0x200005D8	short	
[743]	26	0x200005DA	short	
[744]	0	0x200005DC	short	
[745]	2055	0x200005DE	short	
[746]	3155	0x200005E0	short	
[747]	3630	0x200005E2	short	
[748]	1879	0x200005E4	short	
[749]	2952	0x200005E6	short	
[750]	3587	0x200005E8	short	
[751]	3804	0x200005EA	short	
[752]	3928	0x200005EC	short	
[753]	1883	0x200005EE	short	
[754]	2786	0x200005F0	short	
[755]	1412	0x200005F2	short	
[756]	672	0x200005F4	short	
[757]	325	0x200005F6	short	
[758]	117	0x200005F8	short	
[759]	0	0x200005FA	short	
[760]	1837	0x200005FC	short	
[761]	909	0x200005FE	short	
[762]	2312	0x20000600	short	
[763]	1163	0x20000602	short	
[764]	2777	0x20000604	short	
[765]	3430	0x20000606	short	
[766]	1520	0x20000608	short	
[767]	798	0x2000060A	short	
[768]	344	0x2000060C	short	
[769]	151	0x2000060E	short	
[770]	36	0x20000610	short	
[771]	23	0x20000612	short	
[772]	19	0x20000614	short	
[773]	0	0x20000616	short	
[774]	2150	0x20000618	short	
[775]	3062	0x2000061A	short	
[776]	1616	0x2000061C	short	
[777]	2763	0x2000061E	short	
[778]	1249	0x20000620	short	
[779]	559	0x20000622	short	
[780]	2492	0x20000624	short	
[781]	3263	0x20000626	short	
[782]	3556	0x20000628	short	
[783]	1722	0x2000062A	short	
[784]	822	0x2000062C	short	
[785]	310	0x2000062E	short	
[786]	2018	0x20000630	short	
[787]	1005	0x20000632	short	
[788]	2357	0x20000634	short	
[789]	1189	0x20000636	short	
[790]	2790	0x20000638	short	
[791]	3415	0x2000063A	short	
[792]	3634	0x2000063C	short	
[793]	1778	0x2000063E	short	
[794]	2730	0x20000640	short	
[795]	1388	0x20000642	short	
[796]	660	0x20000644	short	
[797]	221	0x20000646	short	
[798]	1974	0x20000648	short	
[799]	983	0x2000064A	short	
[800]	2697	0x2000064C	short	
[801]	3364	0x2000064E	short	
[802]	3608	0x20000650	short	
[803]	1747	0x20000652	short	
[804]	943	0x20000654	short	
[805]	2520	0x20000656	short	
[806]	3372	0x20000658	short	
[807]	3742	0x2000065A	short	
[808]	1664	0x2000065C	short	
[809]	867	0x2000065E	short	
[810]	379	0x20000660	short	
[811]	78	0x20000662	short	
[812]	1905	0x20000664	short	
[813]	1020	0x20000666	short	
[814]	477	0x20000668	short	
[815]	2320	0x2000066A	short	
[816]	2971	0x2000066C	short	
[817]	1500	0x2000066E	short	
[818]	2932	0x20000670	short	
[819]	3493	0x20000672	short	
[820]	3805	0x20000674	short	
[821]	3890	0x20000676	short	
[822]	3988	0x20000678	short	
[823]	1917	0x2000067A	short	
[824]	3128	0x2000067C	short	
[825]	3600	0x2000067E	short	
[826]	3736	0x20000680	short	
[827]	1824	0x20000682	short	
[828]	2752	0x20000684	short	
[829]	1398	0x20000686	short	
[830]	685	0x20000688	short	
[831]	2358	0x2000068A	short	
[832]	1271	0x2000068C	short	
[833]	2661	0x2000068E	short	
[834]	3440	0x20000690	short	
[835]	3749	0x20000692	short	
[836]	3879	0x20000694	short	
[837]	3944	0x20000696	short	
[838]	3961	0x20000698	short	
[839]	3992	0x2000069A	short	
[840]	1836	0x2000069C	short	
[841]	878	0x2000069E	short	
[842]	2650	0x200006A0	short	
[843]	3340	0x200006A2	short	
[844]	3598	0x200006A4	short	
[845]	1760	0x200006A6	short	
[846]	3055	0x200006A8	short	
[847]	3558	0x200006AA	short	
[848]	3823	0x200006AC	short	
[849]	3952	0x200006AE	short	
[850]	1784	0x200006B0	short	
[851]	926	0x200006B2	short	
[852]	411	0x200006B4	short	
[853]	192	0x200006B6	short	
[854]	50	0x200006B8	short	
[855]	24	0x200006BA	short	
[856]	20	0x200006BC	short	
[857]	20	0x200006BE	short	
[858]	16	0x200006C0	short	
[859]	16	0x200006C2	short	
[860]	0	0x200006C4	short	
[861]	1968	0x200006C6	short	
[862]	918	0x200006C8	short	
[863]	457	0x200006CA	short	
[864]	184	0x200006CC	short	
[865]	57	0x200006CE	short	
[866]	0	0x200006D0	short	
[867]	2002	0x200006D2	short	
[868]	1083	0x200006D4	short	
[869]	2505	0x200006D6	short	
[870]	1133	0x200006D8	short	
[871]	495	0x200006DA	short	
[872]	2110	0x200006DC	short	
[873]	1092	0x200006DE	short	
[874]	506	0x200006E0	short	
[875]	243	0x200006E2	short	
[876]	29	0x200006E4	short	
[877]	2048	0x200006E6	short	
[878]	1106	0x200006E8	short	
[879]	2514	0x200006EA	short	
[880]	1356	0x200006EC	short	
[881]	2633	0x200006EE	short	
[882]	1191	0x200006F0	short	
[883]	527	0x200006F2	short	
[884]	2124	0x200006F4	short	
[885]	1100	0x200006F6	short	
[886]	512	0x200006F8	short	
[887]	145	0x200006FA	short	
[888]	1937	0x200006FC	short	
[889]	1028	0x200006FE	short	
[890]	483	0x20000700	short	
[891]	2251	0x20000702	short	
[892]	1219	0x20000704	short	
[893]	2637	0x20000706	short	
[894]	3429	0x20000708	short	
[895]	3771	0x2000070A	short	
[896]	0	0x2000070C	short	
[897]	2936	0x2000070E	short	
[898]	1567	0x20000710	short	
[899]	2744	0x20000712	short	
[900]	1239	0x20000714	short	
[901]	643	0x20000716	short	
[902]	280	0x20000718	short	
[903]	2222	0x2000071A	short	
[904]	2920	0x2000071C	short	
[905]	1470	0x2000071E	short	
[906]	703	0x20000720	short	
[907]	244	0x20000722	short	
[908]	1986	0x20000724	short	
[909]	1051	0x20000726	short	
[910]	476	0x20000728	short	
[911]	126	0x2000072A	short	
[912]	1929	0x2000072C	short	
[913]	1024	0x2000072E	short	
[914]	463	0x20000730	short	
[915]	217	0x20000732	short	
[916]	62	0x20000734	short	
[917]	0	0x20000736	short	
[918]	2179	0x20000738	short	
[919]	3078	0x2000073A	short	
[920]	1375	0x2000073C	short	
[921]	720	0x2000073E	short	
[922]	319	0x20000740	short	
[923]	2169	0x20000742	short	
[924]	1181	0x20000744	short	
[925]	2615	0x20000746	short	
[926]	3419	0x20000748	short	
[927]	3766	0x2000074A	short	
[928]	1675	0x2000074C	short	
[929]	872	0x2000074E	short	
[930]	400	0x20000750	short	
[931]	2280	0x20000752	short	
[932]	2950	0x20000754	short	
[933]	1484	0x20000756	short	
[934]	706	0x20000758	short	
[935]	247	0x2000075A	short	
[936]	2344	0x2000075C	short	
[937]	3186	0x2000075E	short	
[938]	3518	0x20000760	short	
[939]	1718	0x20000762	short	
[940]	2701	0x20000764	short	
[941]	1374	0x20000766	short	
[942]	673	0x20000768	short	
[943]	2424	0x2000076A	short	
[944]	3326	0x2000076C	short	
[945]	3718	0x2000076E	short	
[946]	1923	0x20000770	short	
[947]	2973	0x20000772	short	
[948]	3600	0x20000774	short	
[949]	3850	0x20000776	short	
[950]	1994	0x20000778	short	
[951]	2960	0x2000077A	short	
[952]	1335	0x2000077C	short	
[953]	697	0x2000077E	short	
[954]	298	0x20000780	short	
[955]	37	0x20000782	short	
[956]	2240	0x20000784	short	
[957]	3132	0x20000786	short	
[958]	3672	0x20000788	short	
[959]	3881	0x2000078A	short	
[960]	2010	0x2000078C	short	
[961]	2970	0x2000078E	short	
[962]	1338	0x20000790	short	
[963]	700	0x20000792	short	
[964]	300	0x20000794	short	
[965]	37	0x20000796	short	
[966]	2240	0x20000798	short	
[967]	3111	0x2000079A	short	
[968]	1638	0x2000079C	short	
[969]	2775	0x2000079E	short	
[970]	1486	0x200007A0	short	
[971]	2698	0x200007A2	short	
[972]	1219	0x200007A4	short	
[973]	542	0x200007A6	short	
[974]	2133	0x200007A8	short	
[975]	1099	0x200007AA	short	
[976]	532	0x200007AC	short	
[977]	2279	0x200007AE	short	
[978]	1031	0x200007B0	short	
[979]	530	0x200007B2	short	
[980]	221	0x200007B4	short	
[981]	2120	0x200007B6	short	
[982]	962	0x200007B8	short	
[983]	493	0x200007BA	short	
[984]	202	0x200007BC	short	
[985]	1	0x200007BE	short	
[986]	2213	0x200007C0	short	
[987]	3120	0x200007C2	short	
[988]	3486	0x200007C4	short	
[989]	1686	0x200007C6	short	
[990]	806	0x200007C8	short	
[991]	390	0x200007CA	short	
[992]	153	0x200007CC	short	
[993]	42	0x200007CE	short	
[994]	0	0x200007D0	short	
[995]	2071	0x200007D2	short	
[996]	3162	0x200007D4	short	
[997]	3632	0x200007D6	short	
[998]	1612	0x200007D8	short	
[999]	752	0x200007DA	short	
[1000]	2590	0x200007DC	short	
[1001]	3310	0x200007DE	short	
[1002]	3581	0x200007E0	short	
[1003]	1752	0x200007E2	short	
[1004]	3051	0x200007E4	short	
[1005]	3575	0x200007E6	short	
[1006]	1851	0x200007E8	short	
[1007]	2885	0x200007EA	short	
[1008]	1301	0x200007EC	short	
[1009]	677	0x200007EE	short	
[1010]	289	0x200007F0	short	
[1011]	34	0x200007F2	short	
[1012]	1881	0x200007F4	short	
[1013]	932	0x200007F6	short	
[1014]	2322	0x200007F8	short	
[1015]	1194	0x200007FA	short	
[1016]	579	0x200007FC	short	
[1017]	2304	0x200007FE	short	
[1018]	1243	0x20000800	short	
[1019]	2581	0x20000802	short	
[1020]	1168	0x20000804	short	
[1021]	514	0x20000806	short	
[1022]	2120	0x20000808	short	
[1023]	1062	0x2000080A	short	
ADC_Data_Filtred	<array>	0x2000080C	short[1024]	
[0]	2142	0x2000080C	short	
[1]	2142	0x2000080E	short	
[2]	2142	0x20000810	short	
[3]	2142	0x20000812	short	
[4]	2142	0x20000814	short	
[5]	2142	0x20000816	short	
[6]	2142	0x20000818	short	
[7]	2142	0x2000081A	short	
[8]	2142	0x2000081C	short	
[9]	2142	0x2000081E	short	
[10]	2142	0x20000820	short	
[11]	2142	0x20000822	short	
[12]	2142	0x20000824	short	
[13]	2142	0x20000826	short	
[14]	2142	0x20000828	short	
[15]	2142	0x2000082A	short	
[16]	2142	0x2000082C	short	
[17]	2096	0x2000082E	short	
[18]	1784	0x20000830	short	
[19]	1938	0x20000832	short	
[20]	1950	0x20000834	short	
[21]	2666	0x20000836	short	
[22]	2088	0x20000838	short	
[23]	3152	0x2000083A	short	
[24]	2110	0x2000083C	short	
[25]	2976	0x2000083E	short	
[26]	2428	0x20000840	short	
[27]	2780	0x20000842	short	
[28]	2810	0x20000844	short	
[29]	2910	0x20000846	short	
[30]	3002	0x20000848	short	
[31]	2950	0x2000084A	short	
[32]	2808	0x2000084C	short	
[33]	2806	0x2000084E	short	
[34]	2590	0x20000850	short	
[35]	2952	0x20000852	short	
[36]	2528	0x20000854	short	
[37]	3322	0x20000856	short	
[38]	2540	0x20000858	short	
[39]	3336	0x2000085A	short	
[40]	2640	0x2000085C	short	
[41]	3000	0x2000085E	short	
[42]	3010	0x20000860	short	
[43]	2780	0x20000862	short	
[44]	3496	0x20000864	short	
[45]	3060	0x20000866	short	
[46]	3636	0x20000868	short	
[47]	3362	0x2000086A	short	
[48]	3188	0x2000086C	short	
[49]	2952	0x2000086E	short	
[50]	2466	0x20000870	short	
[51]	2050	0x20000872	short	
[52]	1814	0x20000874	short	
[53]	1586	0x20000876	short	
[54]	1788	0x20000878	short	
[55]	2132	0x2000087A	short	
[56]	2588	0x2000087C	short	
[57]	3018	0x2000087E	short	
[58]	3442	0x20000880	short	
[59]	3262	0x20000882	short	
[60]	3212	0x20000884	short	
[61]	2892	0x20000886	short	
[62]	2004	0x20000888	short	
[63]	2264	0x2000088A	short	
[64]	1242	0x2000088C	short	
[65]	1916	0x2000088E	short	
[66]	1550	0x20000890	short	
[67]	1772	0x20000892	short	
[68]	2088	0x20000894	short	
[69]	1880	0x20000896	short	
[70]	2378	0x20000898	short	
[71]	2154	0x2000089A	short	
[72]	2386	0x2000089C	short	
[73]	2424	0x2000089E	short	
[74]	2198	0x200008A0	short	
[75]	2398	0x200008A2	short	
[76]	1718	0x200008A4	short	
[77]	2190	0x200008A6	short	
[78]	1396	0x200008A8	short	
[79]	2076	0x200008AA	short	
[80]	1750	0x200008AC	short	
[81]	2124	0x200008AE	short	
[82]	2478	0x200008B0	short	
[83]	2118	0x200008B2	short	
[84]	2950	0x200008B4	short	
[85]	2388	0x200008B6	short	
[86]	2832	0x200008B8	short	
[87]	2838	0x200008BA	short	
[88]	2400	0x200008BC	short	
[89]	2792	0x200008BE	short	
[90]	2002	0x200008C0	short	
[91]	2270	0x200008C2	short	
[92]	1906	0x200008C4	short	
[93]	1948	0x200008C6	short	
[94]	1770	0x200008C8	short	
[95]	2228	0x200008CA	short	
[96]	1456	0x200008CC	short	
[97]	2462	0x200008CE	short	
[98]	1308	0x200008D0	short	
[99]	2172	0x200008D2	short	
[100]	1572	0x200008D4	short	
[101]	1640	0x200008D6	short	
[102]	1558	0x200008D8	short	
[103]	1242	0x200008DA	short	
[104]	872	0x200008DC	short	
[105]	968	0x200008DE	short	
[106]	370	0x200008E0	short	
[107]	1030	0x200008E2	short	
[108]	1126	0x200008E4	short	
[109]	1402	0x200008E6	short	
[110]	2364	0x200008E8	short	
[111]	1724	0x200008EA	short	
[112]	2860	0x200008EC	short	
[113]	1554	0x200008EE	short	
[114]	2548	0x200008F0	short	
[115]	1354	0x200008F2	short	
[116]	2132	0x200008F4	short	
[117]	1234	0x200008F6	short	
[118]	1846	0x200008F8	short	
[119]	1156	0x200008FA	short	
[120]	1834	0x200008FC	short	
[121]	1020	0x200008FE	short	
[122]	1990	0x20000900	short	
[123]	894	0x20000902	short	
[124]	2072	0x20000904	short	
[125]	1132	0x20000906	short	
[126]	2052	0x20000908	short	
[127]	1634	0x2000090A	short	
[128]	2006	0x2000090C	short	
[129]	2078	0x2000090E	short	
[130]	1886	0x20000910	short	
[131]	2174	0x20000912	short	
[132]	1580	0x20000914	short	
[133]	1716	0x20000916	short	
[134]	1164	0x20000918	short	
[135]	1088	0x2000091A	short	
[136]	1132	0x2000091C	short	
[137]	1042	0x2000091E	short	
[138]	1572	0x20000920	short	
[139]	1688	0x20000922	short	
[140]	2204	0x20000924	short	
[141]	2440	0x20000926	short	
[142]	2722	0x20000928	short	
[143]	3100	0x2000092A	short	
[144]	2980	0x2000092C	short	
[145]	3714	0x2000092E	short	
[146]	2948	0x20000930	short	
[147]	3760	0x20000932	short	
[148]	2836	0x20000934	short	
[149]	2964	0x20000936	short	
[150]	2712	0x20000938	short	
[151]	1952	0x2000093A	short	
[152]	2288	0x2000093C	short	
[153]	1658	0x2000093E	short	
[154]	1464	0x20000940	short	
[155]	2080	0x20000942	short	
[156]	876	0x20000944	short	
[157]	2262	0x20000946	short	
[158]	898	0x20000948	short	
[159]	2150	0x2000094A	short	
[160]	1472	0x2000094C	short	
[161]	2146	0x2000094E	short	
[162]	2170	0x20000950	short	
[163]	2318	0x20000952	short	
[164]	2544	0x20000954	short	
[165]	2416	0x20000956	short	
[166]	2206	0x20000958	short	
[167]	2392	0x2000095A	short	
[168]	1546	0x2000095C	short	
[169]	2288	0x2000095E	short	
[170]	1508	0x20000960	short	
[171]	1906	0x20000962	short	
[172]	2274	0x20000964	short	
[173]	1666	0x20000966	short	
[174]	3070	0x20000968	short	
[175]	1782	0x2000096A	short	
[176]	2914	0x2000096C	short	
[177]	1972	0x2000096E	short	
[178]	2194	0x20000970	short	
[179]	1766	0x20000972	short	
[180]	1754	0x20000974	short	
[181]	1724	0x20000976	short	
[182]	1868	0x20000978	short	
[183]	2140	0x2000097A	short	
[184]	1890	0x2000097C	short	
[185]	2312	0x2000097E	short	
[186]	1830	0x20000980	short	
[187]	1808	0x20000982	short	
[188]	1972	0x20000984	short	
[189]	1450	0x20000986	short	
[190]	2122	0x20000988	short	
[191]	1896	0x2000098A	short	
[192]	1856	0x2000098C	short	
[193]	2404	0x2000098E	short	
[194]	1626	0x20000990	short	
[195]	2170	0x20000992	short	
[196]	2170	0x20000994	short	
[197]	1762	0x20000996	short	
[198]	2794	0x20000998	short	
[199]	1756	0x2000099A	short	
[200]	2350	0x2000099C	short	
[201]	1888	0x2000099E	short	
[202]	1248	0x200009A0	short	
[203]	1844	0x200009A2	short	
[204]	1108	0x200009A4	short	
[205]	1808	0x200009A6	short	
[206]	2012	0x200009A8	short	
[207]	1774	0x200009AA	short	
[208]	2576	0x200009AC	short	
[209]	1620	0x200009AE	short	
[210]	2192	0x200009B0	short	
[211]	1460	0x200009B2	short	
[212]	1490	0x200009B4	short	
[213]	1356	0x200009B6	short	
[214]	1388	0x200009B8	short	
[215]	1344	0x200009BA	short	
[216]	1784	0x200009BC	short	
[217]	1536	0x200009BE	short	
[218]	2094	0x200009C0	short	
[219]	1930	0x200009C2	short	
[220]	2160	0x200009C4	short	
[221]	2246	0x200009C6	short	
[222]	2262	0x200009C8	short	
[223]	1962	0x200009CA	short	
[224]	2320	0x200009CC	short	
[225]	1326	0x200009CE	short	
[226]	2234	0x200009D0	short	
[227]	1364	0x200009D2	short	
[228]	2028	0x200009D4	short	
[229]	1900	0x200009D6	short	
[230]	1878	0x200009D8	short	
[231]	2082	0x200009DA	short	
[232]	1732	0x200009DC	short	
[233]	1456	0x200009DE	short	
[234]	1604	0x200009E0	short	
[235]	1034	0x200009E2	short	
[236]	1720	0x200009E4	short	
[237]	1312	0x200009E6	short	
[238]	2130	0x200009E8	short	
[239]	2186	0x200009EA	short	
[240]	2556	0x200009EC	short	
[241]	2788	0x200009EE	short	
[242]	2406	0x200009F0	short	
[243]	2794	0x200009F2	short	
[244]	1970	0x200009F4	short	
[245]	2446	0x200009F6	short	
[246]	1528	0x200009F8	short	
[247]	1944	0x200009FA	short	
[248]	1090	0x200009FC	short	
[249]	1476	0x200009FE	short	
[250]	918	0x20000A00	short	
[251]	1352	0x20000A02	short	
[252]	1362	0x20000A04	short	
[253]	1632	0x20000A06	short	
[254]	2048	0x20000A08	short	
[255]	2146	0x20000A0A	short	
[256]	2166	0x20000A0C	short	
[257]	2588	0x20000A0E	short	
[258]	1638	0x20000A10	short	
[259]	2558	0x20000A12	short	
[260]	1160	0x20000A14	short	
[261]	2382	0x20000A16	short	
[262]	1460	0x20000A18	short	
[263]	1940	0x20000A1A	short	
[264]	1936	0x20000A1C	short	
[265]	1340	0x20000A1E	short	
[266]	2162	0x20000A20	short	
[267]	1034	0x20000A22	short	
[268]	2128	0x20000A24	short	
[269]	1534	0x20000A26	short	
[270]	2076	0x20000A28	short	
[271]	2216	0x20000A2A	short	
[272]	2166	0x20000A2C	short	
[273]	2468	0x20000A2E	short	
[274]	2318	0x20000A30	short	
[275]	2236	0x20000A32	short	
[276]	2290	0x20000A34	short	
[277]	1782	0x20000A36	short	
[278]	1812	0x20000A38	short	
[279]	1452	0x20000A3A	short	
[280]	1476	0x20000A3C	short	
[281]	1330	0x20000A3E	short	
[282]	1646	0x20000A40	short	
[283]	1396	0x20000A42	short	
[284]	1834	0x20000A44	short	
[285]	1442	0x20000A46	short	
[286]	1534	0x20000A48	short	
[287]	1520	0x20000A4A	short	
[288]	1332	0x20000A4C	short	
[289]	1734	0x20000A4E	short	
[290]	1864	0x20000A50	short	
[291]	2178	0x20000A52	short	
[292]	2806	0x20000A54	short	
[293]	2422	0x20000A56	short	
[294]	3236	0x20000A58	short	
[295]	2496	0x20000A5A	short	
[296]	3242	0x20000A5C	short	
[297]	2774	0x20000A5E	short	
[298]	2946	0x20000A60	short	
[299]	3216	0x20000A62	short	
[300]	2496	0x20000A64	short	
[301]	3330	0x20000A66	short	
[302]	2482	0x20000A68	short	
[303]	2836	0x20000A6A	short	
[304]	2950	0x20000A6C	short	
[305]	2144	0x20000A6E	short	
[306]	3360	0x20000A70	short	
[307]	1936	0x20000A72	short	
[308]	3146	0x20000A74	short	
[309]	2152	0x20000A76	short	
[310]	2772	0x20000A78	short	
[311]	2386	0x20000A7A	short	
[312]	2650	0x20000A7C	short	
[313]	2558	0x20000A7E	short	
[314]	3000	0x20000A80	short	
[315]	2742	0x20000A82	short	
[316]	3460	0x20000A84	short	
[317]	2914	0x20000A86	short	
[318]	3620	0x20000A88	short	
[319]	2736	0x20000A8A	short	
[320]	3226	0x20000A8C	short	
[321]	2310	0x20000A8E	short	
[322]	2562	0x20000A90	short	
[323]	1772	0x20000A92	short	
[324]	2042	0x20000A94	short	
[325]	1516	0x20000A96	short	
[326]	1670	0x20000A98	short	
[327]	1608	0x20000A9A	short	
[328]	1286	0x20000A9C	short	
[329]	1610	0x20000A9E	short	
[330]	1034	0x20000AA0	short	
[331]	1512	0x20000AA2	short	
[332]	1126	0x20000AA4	short	
[333]	1586	0x20000AA6	short	
[334]	1384	0x20000AA8	short	
[335]	1880	0x20000AAA	short	
[336]	1390	0x20000AAC	short	
[337]	2018	0x20000AAE	short	
[338]	1190	0x20000AB0	short	
[339]	1948	0x20000AB2	short	
[340]	1084	0x20000AB4	short	
[341]	1710	0x20000AB6	short	
[342]	1296	0x20000AB8	short	
[343]	1284	0x20000ABA	short	
[344]	1506	0x20000ABC	short	
[345]	920	0x20000ABE	short	
[346]	1254	0x20000AC0	short	
[347]	1062	0x20000AC2	short	
[348]	1004	0x20000AC4	short	
[349]	1744	0x20000AC6	short	
[350]	1416	0x20000AC8	short	
[351]	2162	0x20000ACA	short	
[352]	2118	0x20000ACC	short	
[353]	1774	0x20000ACE	short	
[354]	2370	0x20000AD0	short	
[355]	1422	0x20000AD2	short	
[356]	2242	0x20000AD4	short	
[357]	1776	0x20000AD6	short	
[358]	2342	0x20000AD8	short	
[359]	2366	0x20000ADA	short	
[360]	2470	0x20000ADC	short	
[361]	2394	0x20000ADE	short	
[362]	2068	0x20000AE0	short	
[363]	1902	0x20000AE2	short	
[364]	1214	0x20000AE4	short	
[365]	1356	0x20000AE6	short	
[366]	640	0x20000AE8	short	
[367]	950	0x20000AEA	short	
[368]	892	0x20000AEC	short	
[369]	744	0x20000AEE	short	
[370]	1150	0x20000AF0	short	
[371]	868	0x20000AF2	short	
[372]	904	0x20000AF4	short	
[373]	1310	0x20000AF6	short	
[374]	804	0x20000AF8	short	
[375]	1658	0x20000AFA	short	
[376]	1430	0x20000AFC	short	
[377]	1584	0x20000AFE	short	
[378]	1966	0x20000B00	short	
[379]	1346	0x20000B02	short	
[380]	1540	0x20000B04	short	
[381]	1174	0x20000B06	short	
[382]	546	0x20000B08	short	
[383]	1084	0x20000B0A	short	
[384]	308	0x20000B0C	short	
[385]	1246	0x20000B0E	short	
[386]	1356	0x20000B10	short	
[387]	1728	0x20000B12	short	
[388]	2448	0x20000B14	short	
[389]	2242	0x20000B16	short	
[390]	2448	0x20000B18	short	
[391]	2268	0x20000B1A	short	
[392]	1882	0x20000B1C	short	
[393]	1916	0x20000B1E	short	
[394]	1724	0x20000B20	short	
[395]	1612	0x20000B22	short	
[396]	1708	0x20000B24	short	
[397]	1706	0x20000B26	short	
[398]	1348	0x20000B28	short	
[399]	1718	0x20000B2A	short	
[400]	1034	0x20000B2C	short	
[401]	1468	0x20000B2E	short	
[402]	1520	0x20000B30	short	
[403]	1238	0x20000B32	short	
[404]	2324	0x20000B34	short	
[405]	1556	0x20000B36	short	
[406]	2676	0x20000B38	short	
[407]	2012	0x20000B3A	short	
[408]	2580	0x20000B3C	short	
[409]	2304	0x20000B3E	short	
[410]	2702	0x20000B40	short	
[411]	2448	0x20000B42	short	
[412]	2944	0x20000B44	short	
[413]	2672	0x20000B46	short	
[414]	2900	0x20000B48	short	
[415]	2916	0x20000B4A	short	
[416]	2780	0x20000B4C	short	
[417]	3014	0x20000B4E	short	
[418]	2582	0x20000B50	short	
[419]	2846	0x20000B52	short	
[420]	2348	0x20000B54	short	
[421]	2508	0x20000B56	short	
[422]	2060	0x20000B58	short	
[423]	2142	0x20000B5A	short	
[424]	1806	0x20000B5C	short	
[425]	1988	0x20000B5E	short	
[426]	1760	0x20000B60	short	
[427]	2328	0x20000B62	short	
[428]	1966	0x20000B64	short	
[429]	2812	0x20000B66	short	
[430]	2128	0x20000B68	short	
[431]	2912	0x20000B6A	short	
[432]	2130	0x20000B6C	short	
[433]	2570	0x20000B6E	short	
[434]	2248	0x20000B70	short	
[435]	2418	0x20000B72	short	
[436]	2790	0x20000B74	short	
[437]	2550	0x20000B76	short	
[438]	3252	0x20000B78	short	
[439]	2808	0x20000B7A	short	
[440]	3332	0x20000B7C	short	
[441]	2966	0x20000B7E	short	
[442]	3090	0x20000B80	short	
[443]	3470	0x20000B82	short	
[444]	3046	0x20000B84	short	
[445]	3946	0x20000B86	short	
[446]	3144	0x20000B88	short	
[447]	3700	0x20000B8A	short	
[448]	3148	0x20000B8C	short	
[449]	2752	0x20000B8E	short	
[450]	3094	0x20000B90	short	
[451]	2218	0x20000B92	short	
[452]	2932	0x20000B94	short	
[453]	2388	0x20000B96	short	
[454]	2746	0x20000B98	short	
[455]	2512	0x20000B9A	short	
[456]	2848	0x20000B9C	short	
[457]	2080	0x20000B9E	short	
[458]	3050	0x20000BA0	short	
[459]	1652	0x20000BA2	short	
[460]	2930	0x20000BA4	short	
[461]	1758	0x20000BA6	short	
[462]	2564	0x20000BA8	short	
[463]	2108	0x20000BAA	short	
[464]	2614	0x20000BAC	short	
[465]	2268	0x20000BAE	short	
[466]	3088	0x20000BB0	short	
[467]	2048	0x20000BB2	short	
[468]	3222	0x20000BB4	short	
[469]	1900	0x20000BB6	short	
[470]	2784	0x20000BB8	short	
[471]	2002	0x20000BBA	short	
[472]	2196	0x20000BBC	short	
[473]	2202	0x20000BBE	short	
[474]	2082	0x20000BC0	short	
[475]	2154	0x20000BC2	short	
[476]	2334	0x20000BC4	short	
[477]	2078	0x20000BC6	short	
[478]	2756	0x20000BC8	short	
[479]	2272	0x20000BCA	short	
[480]	2792	0x20000BCC	short	
[481]	2270	0x20000BCE	short	
[482]	2222	0x20000BD0	short	
[483]	1640	0x20000BD2	short	
[484]	1450	0x20000BD4	short	
[485]	1052	0x20000BD6	short	
[486]	1130	0x20000BD8	short	
[487]	946	0x20000BDA	short	
[488]	1348	0x20000BDC	short	
[489]	1094	0x20000BDE	short	
[490]	1640	0x20000BE0	short	
[491]	1132	0x20000BE2	short	
[492]	1662	0x20000BE4	short	
[493]	1468	0x20000BE6	short	
[494]	1820	0x20000BE8	short	
[495]	2464	0x20000BEA	short	
[496]	2318	0x20000BEC	short	
[497]	3222	0x20000BEE	short	
[498]	2506	0x20000BF0	short	
[499]	2992	0x20000BF2	short	
[500]	2188	0x20000BF4	short	
[501]	2270	0x20000BF6	short	
[502]	1898	0x20000BF8	short	
[503]	2094	0x20000BFA	short	
[504]	2132	0x20000BFC	short	
[505]	2650	0x20000BFE	short	
[506]	2664	0x20000C00	short	
[507]	3236	0x20000C02	short	
[508]	3124	0x20000C04	short	
[509]	3378	0x20000C06	short	
[510]	3192	0x20000C08	short	
[511]	2786	0x20000C0A	short	
[512]	2890	0x20000C0C	short	
[513]	1876	0x20000C0E	short	
[514]	2480	0x20000C10	short	
[515]	1128	0x20000C12	short	
[516]	2174	0x20000C14	short	
[517]	1054	0x20000C16	short	
[518]	2188	0x20000C18	short	
[519]	1718	0x20000C1A	short	
[520]	2158	0x20000C1C	short	
[521]	2328	0x20000C1E	short	
[522]	1898	0x20000C20	short	
[523]	2342	0x20000C22	short	
[524]	1744	0x20000C24	short	
[525]	1876	0x20000C26	short	
[526]	1960	0x20000C28	short	
[527]	1340	0x20000C2A	short	
[528]	2106	0x20000C2C	short	
[529]	964	0x20000C2E	short	
[530]	2124	0x20000C30	short	
[531]	972	0x20000C32	short	
[532]	2058	0x20000C34	short	
[533]	1292	0x20000C36	short	
[534]	1998	0x20000C38	short	
[535]	1590	0x20000C3A	short	
[536]	1874	0x20000C3C	short	
[537]	1644	0x20000C3E	short	
[538]	1512	0x20000C40	short	
[539]	1582	0x20000C42	short	
[540]	974	0x20000C44	short	
[541]	1726	0x20000C46	short	
[542]	740	0x20000C48	short	
[543]	2046	0x20000C4A	short	
[544]	834	0x20000C4C	short	
[545]	2080	0x20000C4E	short	
[546]	1098	0x20000C50	short	
[547]	1830	0x20000C52	short	
[548]	1580	0x20000C54	short	
[549]	1402	0x20000C56	short	
[550]	2032	0x20000C58	short	
[551]	1308	0x20000C5A	short	
[552]	2340	0x20000C5C	short	
[553]	1914	0x20000C5E	short	
[554]	2424	0x20000C60	short	
[555]	2640	0x20000C62	short	
[556]	2684	0x20000C64	short	
[557]	2686	0x20000C66	short	
[558]	2906	0x20000C68	short	
[559]	2206	0x20000C6A	short	
[560]	2852	0x20000C6C	short	
[561]	1920	0x20000C6E	short	
[562]	2368	0x20000C70	short	
[563]	1856	0x20000C72	short	
[564]	1690	0x20000C74	short	
[565]	1720	0x20000C76	short	
[566]	1292	0x20000C78	short	
[567]	1792	0x20000C7A	short	
[568]	1288	0x20000C7C	short	
[569]	2182	0x20000C7E	short	
[570]	1466	0x20000C80	short	
[571]	2508	0x20000C82	short	
[572]	1738	0x20000C84	short	
[573]	2468	0x20000C86	short	
[574]	2076	0x20000C88	short	
[575]	2132	0x20000C8A	short	
[576]	2528	0x20000C8C	short	
[577]	1794	0x20000C8E	short	
[578]	2714	0x20000C90	short	
[579]	1788	0x20000C92	short	
[580]	2498	0x20000C94	short	
[581]	2284	0x20000C96	short	
[582]	2230	0x20000C98	short	
[583]	2580	0x20000C9A	short	
[584]	1966	0x20000C9C	short	
[585]	1964	0x20000C9E	short	
[586]	1804	0x20000CA0	short	
[587]	934	0x20000CA2	short	
[588]	1376	0x20000CA4	short	
[589]	690	0x20000CA6	short	
[590]	1164	0x20000CA8	short	
[591]	1432	0x20000CAA	short	
[592]	1374	0x20000CAC	short	
[593]	2012	0x20000CAE	short	
[594]	1720	0x20000CB0	short	
[595]	2042	0x20000CB2	short	
[596]	1836	0x20000CB4	short	
[597]	2016	0x20000CB6	short	
[598]	1858	0x20000CB8	short	
[599]	2150	0x20000CBA	short	
[600]	2200	0x20000CBC	short	
[601]	2068	0x20000CBE	short	
[602]	2576	0x20000CC0	short	
[603]	1974	0x20000CC2	short	
[604]	2238	0x20000CC4	short	
[605]	1874	0x20000CC6	short	
[606]	1376	0x20000CC8	short	
[607]	1670	0x20000CCA	short	
[608]	1024	0x20000CCC	short	
[609]	1350	0x20000CCE	short	
[610]	1306	0x20000CD0	short	
[611]	1140	0x20000CD2	short	
[612]	1616	0x20000CD4	short	
[613]	1274	0x20000CD6	short	
[614]	1632	0x20000CD8	short	
[615]	1750	0x20000CDA	short	
[616]	1976	0x20000CDC	short	
[617]	2150	0x20000CDE	short	
[618]	2456	0x20000CE0	short	
[619]	2166	0x20000CE2	short	
[620]	2538	0x20000CE4	short	
[621]	1888	0x20000CE6	short	
[622]	2140	0x20000CE8	short	
[623]	1552	0x20000CEA	short	
[624]	2098	0x20000CEC	short	
[625]	1378	0x20000CEE	short	
[626]	2640	0x20000CF0	short	
[627]	1408	0x20000CF2	short	
[628]	3046	0x20000CF4	short	
[629]	1578	0x20000CF6	short	
[630]	2896	0x20000CF8	short	
[631]	1720	0x20000CFA	short	
[632]	2696	0x20000CFC	short	
[633]	1736	0x20000CFE	short	
[634]	2766	0x20000D00	short	
[635]	1352	0x20000D02	short	
[636]	2686	0x20000D04	short	
[637]	1190	0x20000D06	short	
[638]	2398	0x20000D08	short	
[639]	1780	0x20000D0A	short	
[640]	2286	0x20000D0C	short	
[641]	2532	0x20000D0E	short	
[642]	2656	0x20000D10	short	
[643]	2882	0x20000D12	short	
[644]	2960	0x20000D14	short	
[645]	3032	0x20000D16	short	
[646]	2822	0x20000D18	short	
[647]	3396	0x20000D1A	short	
[648]	2598	0x20000D1C	short	
[649]	3614	0x20000D1E	short	
[650]	2616	0x20000D20	short	
[651]	3200	0x20000D22	short	
[652]	2596	0x20000D24	short	
[653]	2514	0x20000D26	short	
[654]	2252	0x20000D28	short	
[655]	2078	0x20000D2A	short	
[656]	1822	0x20000D2C	short	
[657]	1602	0x20000D2E	short	
[658]	1712	0x20000D30	short	
[659]	954	0x20000D32	short	
[660]	1910	0x20000D34	short	
[661]	708	0x20000D36	short	
[662]	1926	0x20000D38	short	
[663]	1246	0x20000D3A	short	
[664]	1496	0x20000D3C	short	
[665]	1722	0x20000D3E	short	
[666]	860	0x20000D40	short	
[667]	1424	0x20000D42	short	
[668]	672	0x20000D44	short	
[669]	752	0x20000D46	short	
[670]	1086	0x20000D48	short	
[671]	548	0x20000D4A	short	
[672]	1644	0x20000D4C	short	
[673]	1076	0x20000D4E	short	
[674]	2052	0x20000D50	short	
[675]	1824	0x20000D52	short	
[676]	2492	0x20000D54	short	
[677]	2508	0x20000D56	short	
[678]	3002	0x20000D58	short	
[679]	2778	0x20000D5A	short	
[680]	2950	0x20000D5C	short	
[681]	2288	0x20000D5E	short	
[682]	2386	0x20000D60	short	
[683]	1424	0x20000D62	short	
[684]	2020	0x20000D64	short	
[685]	1072	0x20000D66	short	
[686]	2072	0x20000D68	short	
[687]	1478	0x20000D6A	short	
[688]	2056	0x20000D6C	short	
[689]	1860	0x20000D6E	short	
[690]	1546	0x20000D70	short	
[691]	1254	0x20000D72	short	
[692]	818	0x20000D74	short	
[693]	446	0x20000D76	short	
[694]	562	0x20000D78	short	
[695]	418	0x20000D7A	short	
[696]	1094	0x20000D7C	short	
[697]	1222	0x20000D7E	short	
[698]	2046	0x20000D80	short	
[699]	2224	0x20000D82	short	
[700]	2726	0x20000D84	short	
[701]	2788	0x20000D86	short	
[702]	2664	0x20000D88	short	
[703]	2618	0x20000D8A	short	
[704]	1884	0x20000D8C	short	
[705]	1778	0x20000D8E	short	
[706]	1098	0x20000D90	short	
[707]	1244	0x20000D92	short	
[708]	1080	0x20000D94	short	
[709]	1626	0x20000D96	short	
[710]	1910	0x20000D98	short	
[711]	2452	0x20000D9A	short	
[712]	2928	0x20000D9C	short	
[713]	2700	0x20000D9E	short	
[714]	3046	0x20000DA0	short	
[715]	2290	0x20000DA2	short	
[716]	2112	0x20000DA4	short	
[717]	1730	0x20000DA6	short	
[718]	1152	0x20000DA8	short	
[719]	1434	0x20000DAA	short	
[720]	1192	0x20000DAC	short	
[721]	1492	0x20000DAE	short	
[722]	1834	0x20000DB0	short	
[723]	2052	0x20000DB2	short	
[724]	2066	0x20000DB4	short	
[725]	2518	0x20000DB6	short	
[726]	1480	0x20000DB8	short	
[727]	2364	0x20000DBA	short	
[728]	874	0x20000DBC	short	
[729]	1798	0x20000DBE	short	
[730]	1122	0x20000DC0	short	
[731]	1550	0x20000DC2	short	
[732]	1858	0x20000DC4	short	
[733]	1828	0x20000DC6	short	
[734]	2192	0x20000DC8	short	
[735]	2208	0x20000DCA	short	
[736]	2062	0x20000DCC	short	
[737]	2076	0x20000DCE	short	
[738]	1626	0x20000DD0	short	
[739]	1324	0x20000DD2	short	
[740]	1126	0x20000DD4	short	
[741]	632	0x20000DD6	short	
[742]	922	0x20000DD8	short	
[743]	524	0x20000DDA	short	
[744]	1214	0x20000DDC	short	
[745]	1172	0x20000DDE	short	
[746]	1704	0x20000DE0	short	
[747]	2176	0x20000DE2	short	
[748]	1972	0x20000DE4	short	
[749]	3118	0x20000DE6	short	
[750]	2198	0x20000DE8	short	
[751]	3284	0x20000DEA	short	
[752]	2342	0x20000DEC	short	
[753]	2602	0x20000DEE	short	
[754]	2104	0x20000DF0	short	
[755]	1760	0x20000DF2	short	
[756]	1202	0x20000DF4	short	
[757]	1482	0x20000DF6	short	
[758]	542	0x20000DF8	short	
[759]	1648	0x20000DFA	short	
[760]	1026	0x20000DFC	short	
[761]	1776	0x20000DFE	short	
[762]	2082	0x20000E00	short	
[763]	1756	0x20000E02	short	
[764]	2494	0x20000E04	short	
[765]	1758	0x20000E06	short	
[766]	1850	0x20000E08	short	
[767]	1476	0x20000E0A	short	
[768]	714	0x20000E0C	short	
[769]	906	0x20000E0E	short	
[770]	346	0x20000E10	short	
[771]	578	0x20000E12	short	
[772]	902	0x20000E14	short	
[773]	782	0x20000E16	short	
[774]	1432	0x20000E18	short	
[775]	1382	0x20000E1A	short	
[776]	1438	0x20000E1C	short	
[777]	1980	0x20000E1E	short	
[778]	1350	0x20000E20	short	
[779]	2320	0x20000E22	short	
[780]	1530	0x20000E24	short	
[781]	2320	0x20000E26	short	
[782]	1418	0x20000E28	short	
[783]	2132	0x20000E2A	short	
[784]	992	0x20000E2C	short	
[785]	1898	0x20000E2E	short	
[786]	904	0x20000E30	short	
[787]	1970	0x20000E32	short	
[788]	1498	0x20000E34	short	
[789]	2410	0x20000E36	short	
[790]	2240	0x20000E38	short	
[791]	2784	0x20000E3A	short	
[792]	2254	0x20000E3C	short	
[793]	2528	0x20000E3E	short	
[794]	1618	0x20000E40	short	
[795]	1982	0x20000E42	short	
[796]	1190	0x20000E44	short	
[797]	1778	0x20000E46	short	
[798]	1340	0x20000E48	short	
[799]	1870	0x20000E4A	short	
[800]	1974	0x20000E4C	short	
[801]	2036	0x20000E4E	short	
[802]	2532	0x20000E50	short	
[803]	2146	0x20000E52	short	
[804]	2706	0x20000E54	short	
[805]	2448	0x20000E56	short	
[806]	2386	0x20000E58	short	
[807]	2554	0x20000E5A	short	
[808]	1712	0x20000E5C	short	
[809]	2100	0x20000E5E	short	
[810]	1274	0x20000E60	short	
[811]	1556	0x20000E62	short	
[812]	1148	0x20000E64	short	
[813]	1532	0x20000E66	short	
[814]	1320	0x20000E68	short	
[815]	1942	0x20000E6A	short	
[816]	1710	0x20000E6C	short	
[817]	2396	0x20000E6E	short	
[818]	2186	0x20000E70	short	
[819]	2746	0x20000E72	short	
[820]	2590	0x20000E74	short	
[821]	3152	0x20000E76	short	
[822]	2688	0x20000E78	short	
[823]	3386	0x20000E7A	short	
[824]	2736	0x20000E7C	short	
[825]	3092	0x20000E7E	short	
[826]	2872	0x20000E80	short	
[827]	2306	0x20000E82	short	
[828]	2796	0x20000E84	short	
[829]	1696	0x20000E86	short	
[830]	2336	0x20000E88	short	
[831]	1988	0x20000E8A	short	
[832]	2248	0x20000E8C	short	
[833]	2814	0x20000E8E	short	
[834]	2868	0x20000E90	short	
[835]	3318	0x20000E92	short	
[836]	3350	0x20000E94	short	
[837]	3234	0x20000E96	short	
[838]	3010	0x20000E98	short	
[839]	2978	0x20000E9A	short	
[840]	2234	0x20000E9C	short	
[841]	2804	0x20000E9E	short	
[842]	1990	0x20000EA0	short	
[843]	2688	0x20000EA2	short	
[844]	2684	0x20000EA4	short	
[845]	2738	0x20000EA6	short	
[846]	3496	0x20000EA8	short	
[847]	2886	0x20000EAA	short	
[848]	3430	0x20000EAC	short	
[849]	2718	0x20000EAE	short	
[850]	2550	0x20000EB0	short	
[851]	2106	0x20000EB2	short	
[852]	1584	0x20000EB4	short	
[853]	1310	0x20000EB6	short	
[854]	1088	0x20000EB8	short	
[855]	634	0x20000EBA	short	
[856]	1034	0x20000EBC	short	
[857]	474	0x20000EBE	short	
[858]	1114	0x20000EC0	short	
[859]	626	0x20000EC2	short	
[860]	912	0x20000EC4	short	
[861]	626	0x20000EC6	short	
[862]	844	0x20000EC8	short	
[863]	244	0x20000ECA	short	
[864]	960	0x20000ECC	short	
[865]	36	0x20000ECE	short	
[866]	1070	0x20000ED0	short	
[867]	648	0x20000ED2	short	
[868]	980	0x20000ED4	short	
[869]	1436	0x20000ED6	short	
[870]	876	0x20000ED8	short	
[871]	1282	0x20000EDA	short	
[872]	1012	0x20000EDC	short	
[873]	468	0x20000EDE	short	
[874]	1352	0x20000EE0	short	
[875]	76	0x20000EE2	short	
[876]	1614	0x20000EE4	short	
[877]	622	0x20000EE6	short	
[878]	1602	0x20000EE8	short	
[879]	1508	0x20000EEA	short	
[880]	1426	0x20000EEC	short	
[881]	1920	0x20000EEE	short	
[882]	1206	0x20000EF0	short	
[883]	1730	0x20000EF2	short	
[884]	1156	0x20000EF4	short	
[885]	1084	0x20000EF6	short	
[886]	1266	0x20000EF8	short	
[887]	544	0x20000EFA	short	
[888]	1528	0x20000EFC	short	
[889]	508	0x20000EFE	short	
[890]	1894	0x20000F00	short	
[891]	806	0x20000F02	short	
[892]	2476	0x20000F04	short	
[893]	1194	0x20000F06	short	
[894]	2796	0x20000F08	short	
[895]	1460	0x20000F0A	short	
[896]	2412	0x20000F0C	short	
[897]	1692	0x20000F0E	short	
[898]	1694	0x20000F10	short	
[899]	1798	0x20000F12	short	
[900]	1296	0x20000F14	short	
[901]	1840	0x20000F16	short	
[902]	1300	0x20000F18	short	
[903]	1960	0x20000F1A	short	
[904]	1386	0x20000F1C	short	
[905]	1882	0x20000F1E	short	
[906]	1254	0x20000F20	short	
[907]	1650	0x20000F22	short	
[908]	1234	0x20000F24	short	
[909]	1352	0x20000F26	short	
[910]	1258	0x20000F28	short	
[911]	1064	0x20000F2A	short	
[912]	1106	0x20000F2C	short	
[913]	866	0x20000F2E	short	
[914]	910	0x20000F30	short	
[915]	756	0x20000F32	short	
[916]	1114	0x20000F34	short	
[917]	782	0x20000F36	short	
[918]	1478	0x20000F38	short	
[919]	700	0x20000F3A	short	
[920]	1498	0x20000F3C	short	
[921]	798	0x20000F3E	short	
[922]	1510	0x20000F40	short	
[923]	1338	0x20000F42	short	
[924]	1760	0x20000F44	short	
[925]	1856	0x20000F46	short	
[926]	2028	0x20000F48	short	
[927]	2044	0x20000F4A	short	
[928]	1926	0x20000F4C	short	
[929]	1950	0x20000F4E	short	
[930]	1508	0x20000F50	short	
[931]	1808	0x20000F52	short	
[932]	1302	0x20000F54	short	
[933]	1922	0x20000F56	short	
[934]	1514	0x20000F58	short	
[935]	2144	0x20000F5A	short	
[936]	1852	0x20000F5C	short	
[937]	2204	0x20000F5E	short	
[938]	2182	0x20000F60	short	
[939]	1828	0x20000F62	short	
[940]	2280	0x20000F64	short	
[941]	1480	0x20000F66	short	
[942]	2312	0x20000F68	short	
[943]	1662	0x20000F6A	short	
[944]	2540	0x20000F6C	short	
[945]	2246	0x20000F6E	short	
[946]	3128	0x20000F70	short	
[947]	2644	0x20000F72	short	
[948]	3280	0x20000F74	short	
[949]	2550	0x20000F76	short	
[950]	2494	0x20000F78	short	
[951]	2280	0x20000F7A	short	
[952]	1444	0x20000F7C	short	
[953]	1832	0x20000F7E	short	
[954]	1378	0x20000F80	short	
[955]	1620	0x20000F82	short	
[956]	2582	0x20000F84	short	
[957]	1902	0x20000F86	short	
[958]	3350	0x20000F88	short	
[959]	2352	0x20000F8A	short	
[960]	2608	0x20000F8C	short	
[961]	2210	0x20000F8E	short	
[962]	1496	0x20000F90	short	
[963]	1570	0x20000F92	short	
[964]	1518	0x20000F94	short	
[965]	1008	0x20000F96	short	
[966]	2326	0x20000F98	short	
[967]	1238	0x20000F9A	short	
[968]	2450	0x20000F9C	short	
[969]	1872	0x20000F9E	short	
[970]	1842	0x20000FA0	short	
[971]	2144	0x20000FA2	short	
[972]	1546	0x20000FA4	short	
[973]	1690	0x20000FA6	short	
[974]	1746	0x20000FA8	short	
[975]	1090	0x20000FAA	short	
[976]	1932	0x20000FAC	short	
[977]	974	0x20000FAE	short	
[978]	1622	0x20000FB0	short	
[979]	1076	0x20000FB2	short	
[980]	1030	0x20000FB4	short	
[981]	1152	0x20000FB6	short	
[982]	668	0x20000FB8	short	
[983]	1220	0x20000FBA	short	
[984]	896	0x20000FBC	short	
[985]	1644	0x20000FBE	short	
[986]	1620	0x20000FC0	short	
[987]	1888	0x20000FC2	short	
[988]	1810	0x20000FC4	short	
[989]	1440	0x20000FC6	short	
[990]	1410	0x20000FC8	short	
[991]	722	0x20000FCA	short	
[992]	1106	0x20000FCC	short	
[993]	656	0x20000FCE	short	
[994]	1288	0x20000FD0	short	
[995]	1284	0x20000FD2	short	
[996]	1498	0x20000FD4	short	
[997]	2040	0x20000FD6	short	
[998]	1402	0x20000FD8	short	
[999]	2350	0x20000FDA	short	
[1000]	1682	0x20000FDC	short	
[1001]	2284	0x20000FDE	short	
[1002]	2588	0x20000FE0	short	
[1003]	2106	0x20000FE2	short	
[1004]	3120	0x20000FE4	short	
[1005]	2026	0x20000FE6	short	
[1006]	2512	0x20000FE8	short	
[1007]	2176	0x20000FEA	short	
[1008]	0	0x20000FEC	short	
[1009]	0	0x20000FEE	short	
[1010]	0	0x20000FF0	short	
[1011]	0	0x20000FF2	short	
[1012]	0	0x20000FF4	short	
[1013]	0	0x20000FF6	short	
[1014]	0	0x20000FF8	short	
[1015]	0	0x20000FFA	short	
[1016]	0	0x20000FFC	short	
[1017]	0	0x20000FFE	short	
[1018]	0	0x20001000	short	
[1019]	0	0x20001002	short	
[1020]	0	0x20001004	short	
[1021]	0	0x20001006	short	
[1022]	0	0x20001008	short	
[1023]	0	0x2000100A	short	
